<?xml version="1.0" encoding="UTF-8"?>
<!-- Generated by org.testng.reporters.JUnitXMLReporter -->
<testsuite hostname="Dell-PC" ignored="0" name="Test" tests="1" failures="1" timestamp="2020-08-18T18:14:07 IST" time="0.129" errors="0">
  <testcase name="verifyTitle" time="0.023" classname="testngPractice.testngPractTest">
    <failure type="java.lang.NullPointerException">
      <![CDATA[java.lang.NullPointerException
at testngPractice.TestngPract.checkTitle(TestngPract.java:20)
at testngPractice.testngPractTest.verifyTitle(testngPractTest.java:30)
at java.util.ArrayList.forEach(Unknown Source)
... Removed 27 stack frames]]>
    </failure>
  </testcase> <!-- verifyTitle -->
</testsuite> <!-- Test -->
