<?xml version="1.0" encoding="UTF-8"?>
<testng-results skipped="0" failed="0" ignored="0" total="1" passed="1">
  <reporter-output>
  </reporter-output>
  <suite name="Default suite" duration-ms="1299" started-at="2020-12-22T17:09:16 IST" finished-at="2020-12-22T17:09:18 IST">
    <groups>
    </groups>
    <test name="Default test" duration-ms="1299" started-at="2020-12-22T17:09:16 IST" finished-at="2020-12-22T17:09:18 IST">
      <class name="testngPractice.testngPractTest">
        <test-method status="PASS" signature="verifyTitle()[pri:0, instance:testngPractice.testngPractTest@16eb3ea3]" name="verifyTitle" duration-ms="1163" started-at="2020-12-22T17:09:16 IST" finished-at="2020-12-22T17:09:18 IST">
          <reporter-output>
          </reporter-output>
        </test-method> <!-- verifyTitle -->
      </class> <!-- testngPractice.testngPractTest -->
    </test> <!-- Default test -->
  </suite> <!-- Default suite -->
</testng-results>
